app/build/intermediates/manifest_merge_blame_file/debug/processDebugMainManifest/manifest-merger-blame-debug-report.txt
1<?xml version="1.0" encoding="utf-8"?>
2<manifest xmlns:android="http://schemas.android.com/apk/res/android"
3    package="com.cgal.salesmanagement"
4    android:versionCode="1"
5    android:versionName="1.0" >
6
7    <uses-sdk
8        android:minSdkVersion="24"
9        android:targetSdkVersion="36" />
10
11    <permission
11-->[androidx.core:core:1.17.0] AndroidManifest.xml:22:5-24:47
12        android:name="com.cgal.salesmanagement.DYNAMIC_RECEIVER_NOT_EXPORTED_PERMISSION"
12-->[androidx.core:core:1.17.0] AndroidManifest.xml:23:9-81
13        android:protectionLevel="signature" />
13-->[androidx.core:core:1.17.0] AndroidManifest.xml:24:9-44
14
15    <uses-permission android:name="com.cgal.salesmanagement.DYNAMIC_RECEIVER_NOT_EXPORTED_PERMISSION" />
15-->[androidx.core:core:1.17.0] AndroidManifest.xml:26:5-97
15-->[androidx.core:core:1.17.0] AndroidManifest.xml:26:22-94
16    <uses-permission android:name="android.permission.INTERNET" />
16-->[com.squareup.okhttp3:okhttp-android:5.1.0] AndroidManifest.xml:8:5-67
16-->[com.squareup.okhttp3:okhttp-android:5.1.0] AndroidManifest.xml:8:22-64
17
18    <application
18-->src/main/AndroidManifest.xml:4:5-39:19
19        android:name="com.cgal.salesmanagement.MainApplication"
19-->src/main/AndroidManifest.xml:5:9-40
20        android:allowBackup="true"
20-->src/main/AndroidManifest.xml:6:9-35
21        android:appComponentFactory="androidx.core.app.CoreComponentFactory"
21-->[androidx.core:core:1.17.0] AndroidManifest.xml:28:18-86
22        android:debuggable="true"
23        android:extractNativeLibs="false"
24        android:icon="@mipmap/ic_launcher"
24-->src/main/AndroidManifest.xml:7:9-43
25        android:label="@string/app_name"
25-->src/main/AndroidManifest.xml:8:9-41
26        android:roundIcon="@mipmap/ic_launcher_round"
26-->src/main/AndroidManifest.xml:9:9-54
27        android:supportsRtl="true"
27-->src/main/AndroidManifest.xml:10:9-35
28        android:testOnly="true"
29        android:theme="@style/Theme.SalesManagement"
29-->src/main/AndroidManifest.xml:12:9-53
30        android:usesCleartextTraffic="true" >
30-->src/main/AndroidManifest.xml:11:9-44
31        <activity
31-->src/main/AndroidManifest.xml:15:9-22:20
32            android:name="com.cgal.salesmanagement.ui.login.LoginActivity"
32-->src/main/AndroidManifest.xml:16:13-51
33            android:exported="true" > <!-- 👈 Required -->
33-->src/main/AndroidManifest.xml:17:13-36
34            <intent-filter>
34-->src/main/AndroidManifest.xml:18:13-21:29
35                <action android:name="android.intent.action.MAIN" />
35-->src/main/AndroidManifest.xml:19:17-69
35-->src/main/AndroidManifest.xml:19:25-66
36
37                <category android:name="android.intent.category.LAUNCHER" />
37-->src/main/AndroidManifest.xml:20:17-77
37-->src/main/AndroidManifest.xml:20:27-74
38            </intent-filter>
39        </activity>
40        <activity
40-->src/main/AndroidManifest.xml:24:9-26:40
41            android:name="com.cgal.salesmanagement.ui.register.RegisterActivity"
41-->src/main/AndroidManifest.xml:25:13-57
42            android:exported="false" />
42-->src/main/AndroidManifest.xml:26:13-37
43        <activity
43-->src/main/AndroidManifest.xml:27:9-29:40
44            android:name="com.cgal.salesmanagement.ui.dashboard.DashboardActivity"
44-->src/main/AndroidManifest.xml:28:13-59
45            android:exported="false" />
45-->src/main/AndroidManifest.xml:29:13-37
46        <activity android:name="com.cgal.salesmanagement.ui.salesman.ViewPendingRequestsActivity" />
46-->src/main/AndroidManifest.xml:30:9-77
46-->src/main/AndroidManifest.xml:30:19-74
47        <activity android:name="com.cgal.salesmanagement.ui.reports.SalesReportActivity" />
47-->src/main/AndroidManifest.xml:31:9-68
47-->src/main/AndroidManifest.xml:31:19-65
48        <activity android:name="com.cgal.salesmanagement.ui.stock.AddStockActivity" />
48-->src/main/AndroidManifest.xml:32:9-63
48-->src/main/AndroidManifest.xml:32:19-60
49        <activity android:name="com.cgal.salesmanagement.ui.stock.ViewStockActivity" />
49-->src/main/AndroidManifest.xml:33:9-64
49-->src/main/AndroidManifest.xml:33:19-61
50        <activity android:name="com.cgal.salesmanagement.ui.users.PendingRequestsActivity" />
50-->src/main/AndroidManifest.xml:34:9-70
50-->src/main/AndroidManifest.xml:34:19-67
51        <activity
51-->src/main/AndroidManifest.xml:35:9-37:39
52            android:name="com.cgal.salesmanagement.ui.users.PendingRequestDetailsActivity"
52-->src/main/AndroidManifest.xml:36:13-67
53            android:exported="false" />
53-->src/main/AndroidManifest.xml:37:13-37
54
55        <provider
55-->[androidx.emoji2:emoji2:1.3.0] AndroidManifest.xml:24:9-32:20
56            android:name="androidx.startup.InitializationProvider"
56-->[androidx.emoji2:emoji2:1.3.0] AndroidManifest.xml:25:13-67
57            android:authorities="com.cgal.salesmanagement.androidx-startup"
57-->[androidx.emoji2:emoji2:1.3.0] AndroidManifest.xml:26:13-68
58            android:exported="false" >
58-->[androidx.emoji2:emoji2:1.3.0] AndroidManifest.xml:27:13-37
59            <meta-data
59-->[androidx.emoji2:emoji2:1.3.0] AndroidManifest.xml:29:13-31:52
60                android:name="androidx.emoji2.text.EmojiCompatInitializer"
60-->[androidx.emoji2:emoji2:1.3.0] AndroidManifest.xml:30:17-75
61                android:value="androidx.startup" />
61-->[androidx.emoji2:emoji2:1.3.0] AndroidManifest.xml:31:17-49
62            <meta-data
62-->[androidx.lifecycle:lifecycle-process:2.9.3] AndroidManifest.xml:29:13-31:52
63                android:name="androidx.lifecycle.ProcessLifecycleInitializer"
63-->[androidx.lifecycle:lifecycle-process:2.9.3] AndroidManifest.xml:30:17-78
64                android:value="androidx.startup" />
64-->[androidx.lifecycle:lifecycle-process:2.9.3] AndroidManifest.xml:31:17-49
65            <meta-data
65-->[com.squareup.okhttp3:okhttp-android:5.1.0] AndroidManifest.xml:16:13-18:52
66                android:name="okhttp3.internal.platform.PlatformInitializer"
66-->[com.squareup.okhttp3:okhttp-android:5.1.0] AndroidManifest.xml:17:17-77
67                android:value="androidx.startup" />
67-->[com.squareup.okhttp3:okhttp-android:5.1.0] AndroidManifest.xml:18:17-49
68            <meta-data
68-->[androidx.profileinstaller:profileinstaller:1.4.0] AndroidManifest.xml:29:13-31:52
69                android:name="androidx.profileinstaller.ProfileInstallerInitializer"
69-->[androidx.profileinstaller:profileinstaller:1.4.0] AndroidManifest.xml:30:17-85
70                android:value="androidx.startup" />
70-->[androidx.profileinstaller:profileinstaller:1.4.0] AndroidManifest.xml:31:17-49
71        </provider>
72
73        <receiver
73-->[androidx.profileinstaller:profileinstaller:1.4.0] AndroidManifest.xml:34:9-52:20
74            android:name="androidx.profileinstaller.ProfileInstallReceiver"
74-->[androidx.profileinstaller:profileinstaller:1.4.0] AndroidManifest.xml:35:13-76
75            android:directBootAware="false"
75-->[androidx.profileinstaller:profileinstaller:1.4.0] AndroidManifest.xml:36:13-44
76            android:enabled="true"
76-->[androidx.profileinstaller:profileinstaller:1.4.0] AndroidManifest.xml:37:13-35
77            android:exported="true"
77-->[androidx.profileinstaller:profileinstaller:1.4.0] AndroidManifest.xml:38:13-36
78            android:permission="android.permission.DUMP" >
78-->[androidx.profileinstaller:profileinstaller:1.4.0] AndroidManifest.xml:39:13-57
79            <intent-filter>
79-->[androidx.profileinstaller:profileinstaller:1.4.0] AndroidManifest.xml:40:13-42:29
80                <action android:name="androidx.profileinstaller.action.INSTALL_PROFILE" />
80-->[androidx.profileinstaller:profileinstaller:1.4.0] AndroidManifest.xml:41:17-91
80-->[androidx.profileinstaller:profileinstaller:1.4.0] AndroidManifest.xml:41:25-88
81            </intent-filter>
82            <intent-filter>
82-->[androidx.profileinstaller:profileinstaller:1.4.0] AndroidManifest.xml:43:13-45:29
83                <action android:name="androidx.profileinstaller.action.SKIP_FILE" />
83-->[androidx.profileinstaller:profileinstaller:1.4.0] AndroidManifest.xml:44:17-85
83-->[androidx.profileinstaller:profileinstaller:1.4.0] AndroidManifest.xml:44:25-82
84            </intent-filter>
85            <intent-filter>
85-->[androidx.profileinstaller:profileinstaller:1.4.0] AndroidManifest.xml:46:13-48:29
86                <action android:name="androidx.profileinstaller.action.SAVE_PROFILE" />
86-->[androidx.profileinstaller:profileinstaller:1.4.0] AndroidManifest.xml:47:17-88
86-->[androidx.profileinstaller:profileinstaller:1.4.0] AndroidManifest.xml:47:25-85
87            </intent-filter>
88            <intent-filter>
88-->[androidx.profileinstaller:profileinstaller:1.4.0] AndroidManifest.xml:49:13-51:29
89                <action android:name="androidx.profileinstaller.action.BENCHMARK_OPERATION" />
89-->[androidx.profileinstaller:profileinstaller:1.4.0] AndroidManifest.xml:50:17-95
89-->[androidx.profileinstaller:profileinstaller:1.4.0] AndroidManifest.xml:50:25-92
90            </intent-filter>
91        </receiver>
92    </application>
93
94</manifest>